<?xml version="1.0" encoding="UTF-8"?>
<testsuite name="regression"
           tests="3"
           failures="0"
           errors="0"
           skipped="0"
           time="3.283">
  <properties />
  
  
            <testcase name="aChileanComingToTheUKForWorkAndPlansOnStayingForLongerThanSixMonths" time="0.956" classname="gov.uk.check.visa.testsuite.VisaConfirmationTest" />
                <testcase name="anAustralianCominToUKForTourism" time="0.944" classname="gov.uk.check.visa.testsuite.VisaConfirmationTest" />
                <testcase name="aColumbianNationalComingToTheUKToJoinAPartnerForALongStayTheyDoHaveAnArticle10Or20Card" time="1.383" classname="gov.uk.check.visa.testsuite.VisaConfirmationTest" />
      
</testsuite>
